[ 2016-06-01T15:30:03+08:00 ] 127.0.0.1 /
INFO: [ app_init ] --START--
INFO: Run Behavior\BuildLiteBehavior [ RunTime:0.000031s ]
INFO: [ app_init ] --END-- [ RunTime:0.000122s ]
INFO: [ app_begin ] --START--
INFO: Run Behavior\ReadHtmlCacheBehavior [ RunTime:0.000638s ]
INFO: [ app_begin ] --END-- [ RunTime:0.000709s ]
INFO: [ view_parse ] --START--
INFO: [ template_filter ] --START--
INFO: Run Behavior\ContentReplaceBehavior [ RunTime:0.000050s ]
INFO: [ template_filter ] --END-- [ RunTime:0.000199s ]
INFO: Run Behavior\ParseTemplateBehavior [ RunTime:0.005398s ]
INFO: [ view_parse ] --END-- [ RunTime:0.005464s ]
INFO: [ view_filter ] --START--
INFO: Run Behavior\WriteHtmlCacheBehavior [ RunTime:0.000275s ]
INFO: [ view_filter ] --END-- [ RunTime:0.000326s ]
INFO: [ app_end ] --START--
INFO: Run Behavior\ShowPageTraceBehavior [ RunTime:0.000457s ]
INFO: [ app_end ] --END-- [ RunTime:0.000518s ]

[ 2016-06-01T16:13:10+08:00 ] 127.0.0.1 /
INFO: [ app_init ] --START--
INFO: Run Behavior\BuildLiteBehavior [ RunTime:0.000032s ]
INFO: [ app_init ] --END-- [ RunTime:0.000944s ]
INFO: [ app_begin ] --START--
INFO: Run Behavior\ReadHtmlCacheBehavior [ RunTime:0.001225s ]
INFO: [ app_begin ] --END-- [ RunTime:0.001383s ]

[ 2016-06-01T16:13:13+08:00 ] 127.0.0.1 /?t=1464768790&code=021pH2gH1VY6Bd06pAiH1oR3gH1pH2gg&state=1
WARN: 测试日志信息，这是警告级别，并且实时写入,微信公众号用户信息: {"errcode":40003,"errmsg":"invalid openid hint: [jh_uiA0796vr19]"}
[ 2016-06-01T16:13:13+08:00 ] 127.0.0.1 /?t=1464768790&code=021pH2gH1VY6Bd06pAiH1oR3gH1pH2gg&state=1
INFO: [ app_init ] --START--
INFO: Run Behavior\BuildLiteBehavior [ RunTime:0.000017s ]
INFO: [ app_init ] --END-- [ RunTime:0.000291s ]
INFO: [ app_begin ] --START--
INFO: Run Behavior\ReadHtmlCacheBehavior [ RunTime:0.000343s ]
INFO: [ app_begin ] --END-- [ RunTime:0.000400s ]
ERR: Think\Controller:ajaxReutn方法不存在！

[ 2016-06-01T16:13:38+08:00 ] 127.0.0.1 /?t=1464768790&code=021pH2gH1VY6Bd06pAiH1oR3gH1pH2gg&state=1
WARN: 测试日志信息，这是警告级别，并且实时写入,微信公众号用户信息: {"errcode":40003,"errmsg":"invalid openid hint: [4snmha0821vr21]"}
[ 2016-06-01T16:13:38+08:00 ] 127.0.0.1 /?t=1464768790&code=021pH2gH1VY6Bd06pAiH1oR3gH1pH2gg&state=1
INFO: [ app_init ] --START--
INFO: Run Behavior\BuildLiteBehavior [ RunTime:0.000019s ]
INFO: [ app_init ] --END-- [ RunTime:0.000522s ]
INFO: [ app_begin ] --START--
INFO: Run Behavior\ReadHtmlCacheBehavior [ RunTime:0.000782s ]
INFO: [ app_begin ] --END-- [ RunTime:0.000896s ]

[ 2016-06-01T16:13:50+08:00 ] 127.0.0.1 /
WARN: 测试日志信息，这是警告级别，并且实时写入,微信公众号用户信息: {"errcode":40003,"errmsg":"invalid openid hint: [XDzyrA0833vr18]"}
[ 2016-06-01T16:13:50+08:00 ] 127.0.0.1 /
INFO: [ app_init ] --START--
INFO: Run Behavior\BuildLiteBehavior [ RunTime:0.000030s ]
INFO: [ app_init ] --END-- [ RunTime:0.000587s ]
INFO: [ app_begin ] --START--
INFO: Run Behavior\ReadHtmlCacheBehavior [ RunTime:0.000692s ]
INFO: [ app_begin ] --END-- [ RunTime:0.000828s ]

[ 2016-06-01T16:15:49+08:00 ] 127.0.0.1 /
INFO: [ app_init ] --START--
INFO: Run Behavior\BuildLiteBehavior [ RunTime:0.000029s ]
INFO: [ app_init ] --END-- [ RunTime:0.000612s ]
INFO: [ app_begin ] --START--
INFO: Run Behavior\ReadHtmlCacheBehavior [ RunTime:0.001004s ]
INFO: [ app_begin ] --END-- [ RunTime:0.001130s ]

[ 2016-06-01T16:15:50+08:00 ] 127.0.0.1 /?t=1464768949&code=001jjLNv0AmAun1UAUNv0AAQNv0jjLNg&state=1
WARN: 测试日志信息，这是警告级别，并且实时写入,微信公众号用户信息: {"errcode":40003,"errmsg":"invalid openid hint: [XvLESa0953vr22]"}
[ 2016-06-01T16:15:50+08:00 ] 127.0.0.1 /?t=1464768949&code=001jjLNv0AmAun1UAUNv0AAQNv0jjLNg&state=1
INFO: [ app_init ] --START--
INFO: Run Behavior\BuildLiteBehavior [ RunTime:0.000016s ]
INFO: [ app_init ] --END-- [ RunTime:0.000294s ]
INFO: [ app_begin ] --START--
INFO: Run Behavior\ReadHtmlCacheBehavior [ RunTime:0.000380s ]
INFO: [ app_begin ] --END-- [ RunTime:0.000435s ]

[ 2016-06-01T16:17:13+08:00 ] 127.0.0.1 /
WARN: 测试日志信息，这是警告级别，并且实时写入,微信公众号用户信息: {"errcode":40003,"errmsg":"invalid openid hint: [.vsPMa0036vr18]"}
[ 2016-06-01T16:17:13+08:00 ] 127.0.0.1 /
INFO: [ app_init ] --START--
INFO: Run Behavior\BuildLiteBehavior [ RunTime:0.000018s ]
INFO: [ app_init ] --END-- [ RunTime:0.000343s ]
INFO: [ app_begin ] --START--
INFO: Run Behavior\ReadHtmlCacheBehavior [ RunTime:0.000464s ]
INFO: [ app_begin ] --END-- [ RunTime:0.000567s ]

[ 2016-06-01T16:18:10+08:00 ] 127.0.0.1 /
WARN: 测试日志信息，这是警告级别，并且实时写入,微信公众号用户信息: {"errcode":40003,"errmsg":"invalid openid hint: [irDj0093vr19]"}
[ 2016-06-01T16:18:10+08:00 ] 127.0.0.1 /
INFO: [ app_init ] --START--
INFO: Run Behavior\BuildLiteBehavior [ RunTime:0.000029s ]
INFO: [ app_init ] --END-- [ RunTime:0.000624s ]
INFO: [ app_begin ] --START--
INFO: Run Behavior\ReadHtmlCacheBehavior [ RunTime:0.000858s ]
INFO: [ app_begin ] --END-- [ RunTime:0.000977s ]

[ 2016-06-01T16:20:21+08:00 ] 127.0.0.1 /
WARN: 测试日志信息，这是警告级别，并且实时写入,微信公众号用户信息: {"subscribe":1,"openid":"o_CytuIwPE8e5yHoLQgPzXgRePTM","nickname":"Moore","sex":1,"language":"zh_CN","city":"\u6df1\u5733","province":"\u5e7f\u4e1c","country":"\u4e2d\u56fd","headimgurl":"http:\/\/wx.qlogo.cn\/mmopen\/dLyev5cibXVDvjASwkS1uoH7zlOxWJiadWP00nC7qZeFp2d7sxexeuLfj7eQr3saHq4AvSmKtnxwxlnDIaLTmMv1aZhzSXcEmV\/0","subscribe_time":1464757324,"remark":"","groupid":0,"tagid_list":[]}
[ 2016-06-01T16:20:21+08:00 ] 127.0.0.1 /
INFO: [ app_init ] --START--
INFO: Run Behavior\BuildLiteBehavior [ RunTime:0.000026s ]
INFO: [ app_init ] --END-- [ RunTime:0.000972s ]
INFO: [ app_begin ] --START--
INFO: Run Behavior\ReadHtmlCacheBehavior [ RunTime:0.001358s ]
INFO: [ app_begin ] --END-- [ RunTime:0.001473s ]

[ 2016-06-01T16:21:34+08:00 ] 127.0.0.1 /
WARN: 测试日志信息，这是警告级别，并且实时写入,微信公众号用户信息: {"errcode":40001,"errmsg":"invalid credential, access_token is invalid or not latest hint: [adOShA0297vr23]"}
[ 2016-06-01T16:21:34+08:00 ] 127.0.0.1 /
INFO: [ app_init ] --START--
INFO: Run Behavior\BuildLiteBehavior [ RunTime:0.000035s ]
INFO: [ app_init ] --END-- [ RunTime:0.000508s ]
INFO: [ app_begin ] --START--
INFO: Run Behavior\ReadHtmlCacheBehavior [ RunTime:0.000834s ]
INFO: [ app_begin ] --END-- [ RunTime:0.000986s ]

[ 2016-06-01T16:21:41+08:00 ] 127.0.0.1 /
WARN: 测试日志信息，这是警告级别，并且实时写入,微信公众号用户信息: {"errcode":40001,"errmsg":"invalid credential, access_token is invalid or not latest hint: [LMn_Ga0303vr19]"}
[ 2016-06-01T16:21:41+08:00 ] 127.0.0.1 /
INFO: [ app_init ] --START--
INFO: Run Behavior\BuildLiteBehavior [ RunTime:0.000017s ]
INFO: [ app_init ] --END-- [ RunTime:0.000341s ]
INFO: [ app_begin ] --START--
INFO: Run Behavior\ReadHtmlCacheBehavior [ RunTime:0.000388s ]
INFO: [ app_begin ] --END-- [ RunTime:0.000491s ]

[ 2016-06-01T16:21:41+08:00 ] 127.0.0.1 /
WARN: 测试日志信息，这是警告级别，并且实时写入,微信公众号用户信息: {"errcode":40001,"errmsg":"invalid credential, access_token is invalid or not latest hint: [.f1M9a0304vr21]"}
[ 2016-06-01T16:21:41+08:00 ] 127.0.0.1 /
INFO: [ app_init ] --START--
INFO: Run Behavior\BuildLiteBehavior [ RunTime:0.000041s ]
INFO: [ app_init ] --END-- [ RunTime:0.000632s ]
INFO: [ app_begin ] --START--
INFO: Run Behavior\ReadHtmlCacheBehavior [ RunTime:0.000774s ]
INFO: [ app_begin ] --END-- [ RunTime:0.000946s ]

[ 2016-06-01T16:21:42+08:00 ] 127.0.0.1 /
WARN: 测试日志信息，这是警告级别，并且实时写入,微信公众号用户信息: {"errcode":40001,"errmsg":"invalid credential, access_token is invalid or not latest hint: [1K_q8a0305vr23]"}
[ 2016-06-01T16:21:42+08:00 ] 127.0.0.1 /
INFO: [ app_init ] --START--
INFO: Run Behavior\BuildLiteBehavior [ RunTime:0.000030s ]
INFO: [ app_init ] --END-- [ RunTime:0.000796s ]
INFO: [ app_begin ] --START--
INFO: Run Behavior\ReadHtmlCacheBehavior [ RunTime:0.000954s ]
INFO: [ app_begin ] --END-- [ RunTime:0.001140s ]

[ 2016-06-01T16:21:43+08:00 ] 127.0.0.1 /
WARN: 测试日志信息，这是警告级别，并且实时写入,微信公众号用户信息: {"errcode":40001,"errmsg":"invalid credential, access_token is invalid or not latest hint: [yhnCnA0306vr21]"}
[ 2016-06-01T16:21:43+08:00 ] 127.0.0.1 /
INFO: [ app_init ] --START--
INFO: Run Behavior\BuildLiteBehavior [ RunTime:0.000019s ]
INFO: [ app_init ] --END-- [ RunTime:0.000568s ]
INFO: [ app_begin ] --START--
INFO: Run Behavior\ReadHtmlCacheBehavior [ RunTime:0.000732s ]
INFO: [ app_begin ] --END-- [ RunTime:0.000832s ]

[ 2016-06-01T16:21:44+08:00 ] 127.0.0.1 /
WARN: 测试日志信息，这是警告级别，并且实时写入,微信公众号用户信息: {"errcode":40001,"errmsg":"invalid credential, access_token is invalid or not latest hint: [Zp7DTA0307vr23]"}
[ 2016-06-01T16:21:44+08:00 ] 127.0.0.1 /
INFO: [ app_init ] --START--
INFO: Run Behavior\BuildLiteBehavior [ RunTime:0.000017s ]
INFO: [ app_init ] --END-- [ RunTime:0.000488s ]
INFO: [ app_begin ] --START--
INFO: Run Behavior\ReadHtmlCacheBehavior [ RunTime:0.000535s ]
INFO: [ app_begin ] --END-- [ RunTime:0.000611s ]

[ 2016-06-01T16:21:45+08:00 ] 127.0.0.1 /
WARN: 测试日志信息，这是警告级别，并且实时写入,微信公众号用户信息: {"errcode":40001,"errmsg":"invalid credential, access_token is invalid or not latest hint: [.uFBLA0308vr23]"}
[ 2016-06-01T16:21:45+08:00 ] 127.0.0.1 /
INFO: [ app_init ] --START--
INFO: Run Behavior\BuildLiteBehavior [ RunTime:0.000018s ]
INFO: [ app_init ] --END-- [ RunTime:0.000352s ]
INFO: [ app_begin ] --START--
INFO: Run Behavior\ReadHtmlCacheBehavior [ RunTime:0.000415s ]
INFO: [ app_begin ] --END-- [ RunTime:0.000496s ]

[ 2016-06-01T16:21:45+08:00 ] 127.0.0.1 /
WARN: 测试日志信息，这是警告级别，并且实时写入,微信公众号用户信息: {"errcode":40001,"errmsg":"invalid credential, access_token is invalid or not latest hint: [Km28lA0308vr22]"}
[ 2016-06-01T16:21:45+08:00 ] 127.0.0.1 /
INFO: [ app_init ] --START--
INFO: Run Behavior\BuildLiteBehavior [ RunTime:0.000026s ]
INFO: [ app_init ] --END-- [ RunTime:0.000529s ]
INFO: [ app_begin ] --START--
INFO: Run Behavior\ReadHtmlCacheBehavior [ RunTime:0.000576s ]
INFO: [ app_begin ] --END-- [ RunTime:0.000674s ]

[ 2016-06-01T16:21:46+08:00 ] 127.0.0.1 /
WARN: 测试日志信息，这是警告级别，并且实时写入,微信公众号用户信息: {"errcode":40001,"errmsg":"invalid credential, access_token is invalid or not latest hint: [Xl4qoa0309vr22]"}
[ 2016-06-01T16:21:46+08:00 ] 127.0.0.1 /
INFO: [ app_init ] --START--
INFO: Run Behavior\BuildLiteBehavior [ RunTime:0.000037s ]
INFO: [ app_init ] --END-- [ RunTime:0.000736s ]
INFO: [ app_begin ] --START--
INFO: Run Behavior\ReadHtmlCacheBehavior [ RunTime:0.000872s ]
INFO: [ app_begin ] --END-- [ RunTime:0.001041s ]

[ 2016-06-01T16:21:47+08:00 ] 127.0.0.1 /
WARN: 测试日志信息，这是警告级别，并且实时写入,微信公众号用户信息: {"errcode":40001,"errmsg":"invalid credential, access_token is invalid or not latest hint: [tqhYAA0310vr23]"}
[ 2016-06-01T16:21:47+08:00 ] 127.0.0.1 /
INFO: [ app_init ] --START--
INFO: Run Behavior\BuildLiteBehavior [ RunTime:0.000029s ]
INFO: [ app_init ] --END-- [ RunTime:0.000531s ]
INFO: [ app_begin ] --START--
INFO: Run Behavior\ReadHtmlCacheBehavior [ RunTime:0.000609s ]
INFO: [ app_begin ] --END-- [ RunTime:0.000714s ]

[ 2016-06-01T16:21:48+08:00 ] 127.0.0.1 /
WARN: 测试日志信息，这是警告级别，并且实时写入,微信公众号用户信息: {"errcode":40001,"errmsg":"invalid credential, access_token is invalid or not latest hint: [YG7Nga0310vr23]"}
[ 2016-06-01T16:21:48+08:00 ] 127.0.0.1 /
INFO: [ app_init ] --START--
INFO: Run Behavior\BuildLiteBehavior [ RunTime:0.000037s ]
INFO: [ app_init ] --END-- [ RunTime:0.000724s ]
INFO: [ app_begin ] --START--
INFO: Run Behavior\ReadHtmlCacheBehavior [ RunTime:0.000904s ]
INFO: [ app_begin ] --END-- [ RunTime:0.001070s ]

[ 2016-06-01T16:21:48+08:00 ] 127.0.0.1 /
WARN: 测试日志信息，这是警告级别，并且实时写入,微信公众号用户信息: {"errcode":40001,"errmsg":"invalid credential, access_token is invalid or not latest hint: [phinUa0311vr18]"}
[ 2016-06-01T16:21:48+08:00 ] 127.0.0.1 /
INFO: [ app_init ] --START--
INFO: Run Behavior\BuildLiteBehavior [ RunTime:0.000021s ]
INFO: [ app_init ] --END-- [ RunTime:0.000682s ]
INFO: [ app_begin ] --START--
INFO: Run Behavior\ReadHtmlCacheBehavior [ RunTime:0.000725s ]
INFO: [ app_begin ] --END-- [ RunTime:0.000849s ]

[ 2016-06-01T16:21:49+08:00 ] 127.0.0.1 /
WARN: 测试日志信息，这是警告级别，并且实时写入,微信公众号用户信息: {"errcode":40001,"errmsg":"invalid credential, access_token is invalid or not latest hint: [6Z.GvA0312vr21]"}
[ 2016-06-01T16:21:49+08:00 ] 127.0.0.1 /
INFO: [ app_init ] --START--
INFO: Run Behavior\BuildLiteBehavior [ RunTime:0.000033s ]
INFO: [ app_init ] --END-- [ RunTime:0.000691s ]
INFO: [ app_begin ] --START--
INFO: Run Behavior\ReadHtmlCacheBehavior [ RunTime:0.000811s ]
INFO: [ app_begin ] --END-- [ RunTime:0.000949s ]

[ 2016-06-01T16:21:50+08:00 ] 127.0.0.1 /
WARN: 测试日志信息，这是警告级别，并且实时写入,微信公众号用户信息: {"errcode":40001,"errmsg":"invalid credential, access_token is invalid or not latest hint: [N60fEA0312vr21]"}
[ 2016-06-01T16:21:50+08:00 ] 127.0.0.1 /
INFO: [ app_init ] --START--
INFO: Run Behavior\BuildLiteBehavior [ RunTime:0.000027s ]
INFO: [ app_init ] --END-- [ RunTime:0.000574s ]
INFO: [ app_begin ] --START--
INFO: Run Behavior\ReadHtmlCacheBehavior [ RunTime:0.000723s ]
INFO: [ app_begin ] --END-- [ RunTime:0.000848s ]

[ 2016-06-01T16:21:51+08:00 ] 127.0.0.1 /
WARN: 测试日志信息，这是警告级别，并且实时写入,微信公众号用户信息: {"errcode":40001,"errmsg":"invalid credential, access_token is invalid or not latest hint: [454zSA0314vr20]"}
[ 2016-06-01T16:21:51+08:00 ] 127.0.0.1 /
INFO: [ app_init ] --START--
INFO: Run Behavior\BuildLiteBehavior [ RunTime:0.000029s ]
INFO: [ app_init ] --END-- [ RunTime:0.000504s ]
INFO: [ app_begin ] --START--
INFO: Run Behavior\ReadHtmlCacheBehavior [ RunTime:0.000747s ]
INFO: [ app_begin ] --END-- [ RunTime:0.000875s ]

[ 2016-06-01T16:21:52+08:00 ] 127.0.0.1 /
WARN: 测试日志信息，这是警告级别，并且实时写入,微信公众号用户信息: {"errcode":40001,"errmsg":"invalid credential, access_token is invalid or not latest hint: [vJiNdA0315vr19]"}
[ 2016-06-01T16:21:52+08:00 ] 127.0.0.1 /
INFO: [ app_init ] --START--
INFO: Run Behavior\BuildLiteBehavior [ RunTime:0.000017s ]
INFO: [ app_init ] --END-- [ RunTime:0.000282s ]
INFO: [ app_begin ] --START--
INFO: Run Behavior\ReadHtmlCacheBehavior [ RunTime:0.000337s ]
INFO: [ app_begin ] --END-- [ RunTime:0.000396s ]

[ 2016-06-01T16:21:53+08:00 ] 127.0.0.1 /
WARN: 测试日志信息，这是警告级别，并且实时写入,微信公众号用户信息: {"errcode":40001,"errmsg":"invalid credential, access_token is invalid or not latest hint: [YmvqBA0316vr18]"}
[ 2016-06-01T16:21:53+08:00 ] 127.0.0.1 /
INFO: [ app_init ] --START--
INFO: Run Behavior\BuildLiteBehavior [ RunTime:0.000032s ]
INFO: [ app_init ] --END-- [ RunTime:0.000580s ]
INFO: [ app_begin ] --START--
INFO: Run Behavior\ReadHtmlCacheBehavior [ RunTime:0.000753s ]
INFO: [ app_begin ] --END-- [ RunTime:0.000889s ]

[ 2016-06-01T16:21:54+08:00 ] 127.0.0.1 /
WARN: 测试日志信息，这是警告级别，并且实时写入,微信公众号用户信息: {"errcode":40001,"errmsg":"invalid credential, access_token is invalid or not latest hint: [RK0ZYa0317vr19]"}
[ 2016-06-01T16:21:54+08:00 ] 127.0.0.1 /
INFO: [ app_init ] --START--
INFO: Run Behavior\BuildLiteBehavior [ RunTime:0.000043s ]
INFO: [ app_init ] --END-- [ RunTime:0.000726s ]
INFO: [ app_begin ] --START--
INFO: Run Behavior\ReadHtmlCacheBehavior [ RunTime:0.000877s ]
INFO: [ app_begin ] --END-- [ RunTime:0.001040s ]

[ 2016-06-01T16:23:05+08:00 ] 127.0.0.1 /
WARN: 测试日志信息，这是警告级别，并且实时写入,微信公众号用户信息: {"errcode":40001,"errmsg":"invalid credential, access_token is invalid or not latest hint: [O2m3NA0388vr19]"}
[ 2016-06-01T16:23:05+08:00 ] 127.0.0.1 /
INFO: [ app_init ] --START--
INFO: Run Behavior\BuildLiteBehavior [ RunTime:0.000025s ]
INFO: [ app_init ] --END-- [ RunTime:0.000494s ]
INFO: [ app_begin ] --START--
INFO: Run Behavior\ReadHtmlCacheBehavior [ RunTime:0.000615s ]
INFO: [ app_begin ] --END-- [ RunTime:0.000702s ]

[ 2016-06-01T16:23:23+08:00 ] 127.0.0.1 /
WARN: 测试日志信息，这是警告级别，并且实时写入,微信公众号用户信息: {"errcode":40001,"errmsg":"invalid credential, access_token is invalid or not latest hint: [.GvbMA0406vr19]"}
[ 2016-06-01T16:23:23+08:00 ] 127.0.0.1 /
INFO: [ app_init ] --START--
INFO: Run Behavior\BuildLiteBehavior [ RunTime:0.000046s ]
INFO: [ app_init ] --END-- [ RunTime:0.000744s ]
INFO: [ app_begin ] --START--
INFO: Run Behavior\ReadHtmlCacheBehavior [ RunTime:0.001263s ]
INFO: [ app_begin ] --END-- [ RunTime:0.001430s ]

[ 2016-06-01T16:28:40+08:00 ] 192.168.0.106 /code-php/tmm_api/
INFO: [ app_init ] --START--
INFO: Run Behavior\BuildLiteBehavior [ RunTime:0.000042s ]
INFO: [ app_init ] --END-- [ RunTime:0.000759s ]
INFO: [ app_begin ] --START--
INFO: Run Behavior\ReadHtmlCacheBehavior [ RunTime:0.001095s ]
INFO: [ app_begin ] --END-- [ RunTime:0.001247s ]

[ 2016-06-01T16:29:16+08:00 ] 192.168.0.106 /code-php/tmm_api/
INFO: [ app_init ] --START--
INFO: Run Behavior\BuildLiteBehavior [ RunTime:0.000040s ]
INFO: [ app_init ] --END-- [ RunTime:0.000598s ]
INFO: [ app_begin ] --START--
INFO: Run Behavior\ReadHtmlCacheBehavior [ RunTime:0.000821s ]
INFO: [ app_begin ] --END-- [ RunTime:0.000928s ]

[ 2016-06-01T16:29:41+08:00 ] 192.168.0.106 /code-php/tmm_api/
INFO: [ app_init ] --START--
INFO: Run Behavior\BuildLiteBehavior [ RunTime:0.000015s ]
INFO: [ app_init ] --END-- [ RunTime:0.000309s ]
INFO: [ app_begin ] --START--
INFO: Run Behavior\ReadHtmlCacheBehavior [ RunTime:0.000495s ]
INFO: [ app_begin ] --END-- [ RunTime:0.000553s ]

[ 2016-06-01T16:37:04+08:00 ] 127.0.0.1 /
WARN: 测试日志信息，这是警告级别，并且实时写入,微信公众号用户信息: {"errcode":40001,"errmsg":"invalid credential, access_token is invalid or not latest hint: [8IW8Ba0227vr20]"}
[ 2016-06-01T16:37:04+08:00 ] 127.0.0.1 /
INFO: [ app_init ] --START--
INFO: Run Behavior\BuildLiteBehavior [ RunTime:0.000049s ]
INFO: [ app_init ] --END-- [ RunTime:0.000545s ]
INFO: [ app_begin ] --START--
INFO: Run Behavior\ReadHtmlCacheBehavior [ RunTime:0.000485s ]
INFO: [ app_begin ] --END-- [ RunTime:0.000552s ]

[ 2016-06-01T16:37:26+08:00 ] 127.0.0.1 /
WARN: 测试日志信息，这是警告级别，并且实时写入,微信公众号用户信息: {"errcode":40001,"errmsg":"invalid credential, access_token is invalid or not latest hint: [Mp5qMa0248vr21]"}
[ 2016-06-01T16:37:26+08:00 ] 127.0.0.1 /
INFO: [ app_init ] --START--
INFO: Run Behavior\BuildLiteBehavior [ RunTime:0.000018s ]
INFO: [ app_init ] --END-- [ RunTime:0.000517s ]
INFO: [ app_begin ] --START--
INFO: Run Behavior\ReadHtmlCacheBehavior [ RunTime:0.000397s ]
INFO: [ app_begin ] --END-- [ RunTime:0.000466s ]

[ 2016-06-01T16:37:29+08:00 ] 127.0.0.1 /
WARN: 测试日志信息，这是警告级别，并且实时写入,微信公众号用户信息: {"errcode":40001,"errmsg":"invalid credential, access_token is invalid or not latest hint: [ubuwqA0252vr21]"}
[ 2016-06-01T16:37:29+08:00 ] 127.0.0.1 /
INFO: [ app_init ] --START--
INFO: Run Behavior\BuildLiteBehavior [ RunTime:0.000017s ]
INFO: [ app_init ] --END-- [ RunTime:0.000419s ]
INFO: [ app_begin ] --START--
INFO: Run Behavior\ReadHtmlCacheBehavior [ RunTime:0.000694s ]
INFO: [ app_begin ] --END-- [ RunTime:0.000823s ]

[ 2016-06-01T16:41:50+08:00 ] 127.0.0.1 /
WARN: 测试日志信息，这是警告级别，并且实时写入,微信公众号用户信息: {"errcode":40001,"errmsg":"invalid credential, access_token is invalid or not latest hint: [BbUcBA0513vr20]"}
[ 2016-06-01T16:41:50+08:00 ] 127.0.0.1 /
INFO: [ app_init ] --START--
INFO: Run Behavior\BuildLiteBehavior [ RunTime:0.000016s ]
INFO: [ app_init ] --END-- [ RunTime:0.000432s ]
INFO: [ app_begin ] --START--
INFO: Run Behavior\ReadHtmlCacheBehavior [ RunTime:0.000660s ]
INFO: [ app_begin ] --END-- [ RunTime:0.000732s ]

[ 2016-06-01T16:42:12+08:00 ] 127.0.0.1 /
WARN: 测试日志信息，这是警告级别，并且实时写入,微信公众号用户信息: {"errcode":40003,"errmsg":"invalid openid hint: [9Na0535vr20]"}
[ 2016-06-01T16:42:12+08:00 ] 127.0.0.1 /
INFO: [ app_init ] --START--
INFO: Run Behavior\BuildLiteBehavior [ RunTime:0.000014s ]
INFO: [ app_init ] --END-- [ RunTime:0.000367s ]
INFO: [ app_begin ] --START--
INFO: Run Behavior\ReadHtmlCacheBehavior [ RunTime:0.000362s ]
INFO: [ app_begin ] --END-- [ RunTime:0.000421s ]

[ 2016-06-01T16:42:15+08:00 ] 127.0.0.1 /
WARN: 测试日志信息，这是警告级别，并且实时写入,微信公众号用户信息: {"errcode":40003,"errmsg":"invalid openid hint: [5obMoA0538vr19]"}
[ 2016-06-01T16:42:15+08:00 ] 127.0.0.1 /
INFO: [ app_init ] --START--
INFO: Run Behavior\BuildLiteBehavior [ RunTime:0.000021s ]
INFO: [ app_init ] --END-- [ RunTime:0.000455s ]
INFO: [ app_begin ] --START--
INFO: Run Behavior\ReadHtmlCacheBehavior [ RunTime:0.000390s ]
INFO: [ app_begin ] --END-- [ RunTime:0.000467s ]

[ 2016-06-01T16:42:18+08:00 ] 127.0.0.1 /
WARN: 测试日志信息，这是警告级别，并且实时写入,微信公众号用户信息: {"errcode":40003,"errmsg":"invalid openid hint: [1IOySA0540vr19]"}
[ 2016-06-01T16:42:18+08:00 ] 127.0.0.1 /
INFO: [ app_init ] --START--
INFO: Run Behavior\BuildLiteBehavior [ RunTime:0.000016s ]
INFO: [ app_init ] --END-- [ RunTime:0.000430s ]
INFO: [ app_begin ] --START--
INFO: Run Behavior\ReadHtmlCacheBehavior [ RunTime:0.000495s ]
INFO: [ app_begin ] --END-- [ RunTime:0.000593s ]

[ 2016-06-01T16:47:39+08:00 ] 192.168.0.106 /code-php/tmm_api/
WARN: 测试日志信息，这是警告级别，并且实时写入,微信公众号用户信息: {"errcode":40003,"errmsg":"invalid openid hint: [XLQ0sa0862vr23]"}
[ 2016-06-01T16:47:39+08:00 ] 192.168.0.106 /code-php/tmm_api/
INFO: [ app_init ] --START--
INFO: Run Behavior\BuildLiteBehavior [ RunTime:0.000016s ]
INFO: [ app_init ] --END-- [ RunTime:0.000336s ]
INFO: [ app_begin ] --START--
INFO: Run Behavior\ReadHtmlCacheBehavior [ RunTime:0.000492s ]
INFO: [ app_begin ] --END-- [ RunTime:0.000557s ]

[ 2016-06-01T16:48:22+08:00 ] 192.168.0.106 /code-php/tmm_api/?openid=o_CytuIwPE8e5yHoLQgPzXgRePTM
WARN: 测试日志信息，这是警告级别，并且实时写入,微信公众号用户信息: {"errcode":40003,"errmsg":"invalid openid hint: [TfSOEa0905vr19]"}
[ 2016-06-01T16:48:22+08:00 ] 192.168.0.106 /code-php/tmm_api/?openid=o_CytuIwPE8e5yHoLQgPzXgRePTM
INFO: [ app_init ] --START--
INFO: Run Behavior\BuildLiteBehavior [ RunTime:0.000031s ]
INFO: [ app_init ] --END-- [ RunTime:0.000606s ]
INFO: [ app_begin ] --START--
INFO: Run Behavior\ReadHtmlCacheBehavior [ RunTime:0.001034s ]
INFO: [ app_begin ] --END-- [ RunTime:0.001159s ]

[ 2016-06-01T16:48:27+08:00 ] 192.168.0.106 /code-php/tmm_api/?openid=o_CytuIwPE8e5yHoLQgPzXgRePTM
WARN: 测试日志信息，这是警告级别，并且实时写入,微信公众号用户信息: {"errcode":40003,"errmsg":"invalid openid hint: [bIEHia0910vr22]"}
[ 2016-06-01T16:48:27+08:00 ] 192.168.0.106 /code-php/tmm_api/?openid=o_CytuIwPE8e5yHoLQgPzXgRePTM
INFO: [ app_init ] --START--
INFO: Run Behavior\BuildLiteBehavior [ RunTime:0.000016s ]
INFO: [ app_init ] --END-- [ RunTime:0.000310s ]
INFO: [ app_begin ] --START--
INFO: Run Behavior\ReadHtmlCacheBehavior [ RunTime:0.000600s ]
INFO: [ app_begin ] --END-- [ RunTime:0.000656s ]

[ 2016-06-01T16:48:48+08:00 ] 192.168.0.106 /code-php/tmm_api/?openid=o_CytuIwPE8e5yHoLQgPzXgRePTM
WARN: 测试日志信息，这是警告级别，并且实时写入,微信公众号用户信息: {"subscribe":1,"openid":"o_CytuIwPE8e5yHoLQgPzXgRePTM","nickname":"Moore","sex":1,"language":"zh_CN","city":"\u6df1\u5733","province":"\u5e7f\u4e1c","country":"\u4e2d\u56fd","headimgurl":"http:\/\/wx.qlogo.cn\/mmopen\/dLyev5cibXVDvjASwkS1uoH7zlOxWJiadWP00nC7qZeFp2d7sxexeuLfj7eQr3saHq4AvSmKtnxwxlnDIaLTmMv1aZhzSXcEmV\/0","subscribe_time":1464769331,"remark":"","groupid":0,"tagid_list":[]}
[ 2016-06-01T16:48:48+08:00 ] 192.168.0.106 /code-php/tmm_api/?openid=o_CytuIwPE8e5yHoLQgPzXgRePTM
INFO: [ app_init ] --START--
INFO: Run Behavior\BuildLiteBehavior [ RunTime:0.000016s ]
INFO: [ app_init ] --END-- [ RunTime:0.000487s ]
INFO: [ app_begin ] --START--
INFO: Run Behavior\ReadHtmlCacheBehavior [ RunTime:0.000521s ]
INFO: [ app_begin ] --END-- [ RunTime:0.000580s ]

[ 2016-06-01T16:49:28+08:00 ] 127.0.0.1 /
WARN: 测试日志信息，这是警告级别，并且实时写入,微信公众号用户信息: {"errcode":40003,"errmsg":"invalid openid hint: [.xWbRa0971vr18]"}
[ 2016-06-01T16:49:28+08:00 ] 127.0.0.1 /
INFO: [ app_init ] --START--
INFO: Run Behavior\BuildLiteBehavior [ RunTime:0.000016s ]
INFO: [ app_init ] --END-- [ RunTime:0.000311s ]
INFO: [ app_begin ] --START--
INFO: Run Behavior\ReadHtmlCacheBehavior [ RunTime:0.000506s ]
INFO: [ app_begin ] --END-- [ RunTime:0.000567s ]

[ 2016-06-01T16:49:50+08:00 ] 127.0.0.1 /
WARN: 测试日志信息，这是警告级别，并且实时写入,微信公众号用户信息: {"errcode":40003,"errmsg":"invalid openid hint: [r670992vr21]"}
[ 2016-06-01T16:49:50+08:00 ] 127.0.0.1 /
INFO: [ app_init ] --START--
INFO: Run Behavior\BuildLiteBehavior [ RunTime:0.000016s ]
INFO: [ app_init ] --END-- [ RunTime:0.000418s ]
INFO: [ app_begin ] --START--
INFO: Run Behavior\ReadHtmlCacheBehavior [ RunTime:0.000750s ]
INFO: [ app_begin ] --END-- [ RunTime:0.000843s ]

[ 2016-06-01T16:50:21+08:00 ] 127.0.0.1 /
WARN: 测试日志信息，这是警告级别，并且实时写入,微信公众号用户信息: {"errcode":40003,"errmsg":"invalid openid hint: [.jmtJA0024vr18]"}
[ 2016-06-01T16:50:21+08:00 ] 127.0.0.1 /
INFO: [ app_init ] --START--
INFO: Run Behavior\BuildLiteBehavior [ RunTime:0.000016s ]
INFO: [ app_init ] --END-- [ RunTime:0.000333s ]
INFO: [ app_begin ] --START--
INFO: Run Behavior\ReadHtmlCacheBehavior [ RunTime:0.000606s ]
INFO: [ app_begin ] --END-- [ RunTime:0.000665s ]

[ 2016-06-01T16:50:37+08:00 ] 127.0.0.1 /
WARN: 测试日志信息，这是警告级别，并且实时写入,微信公众号用户信息: {"errcode":40003,"errmsg":"invalid openid hint: [jr0040vr19]"}
[ 2016-06-01T16:50:37+08:00 ] 127.0.0.1 /
INFO: [ app_init ] --START--
INFO: Run Behavior\BuildLiteBehavior [ RunTime:0.000016s ]
INFO: [ app_init ] --END-- [ RunTime:0.000342s ]
INFO: [ app_begin ] --START--
INFO: Run Behavior\ReadHtmlCacheBehavior [ RunTime:0.000660s ]
INFO: [ app_begin ] --END-- [ RunTime:0.000722s ]

[ 2016-06-01T16:50:40+08:00 ] 127.0.0.1 /
WARN: 测试日志信息，这是警告级别，并且实时写入,微信公众号用户信息: {"errcode":40003,"errmsg":"invalid openid hint: [aHzBna0042vr18]"}
[ 2016-06-01T16:50:40+08:00 ] 127.0.0.1 /
INFO: [ app_init ] --START--
INFO: Run Behavior\BuildLiteBehavior [ RunTime:0.000017s ]
INFO: [ app_init ] --END-- [ RunTime:0.000425s ]
INFO: [ app_begin ] --START--
INFO: Run Behavior\ReadHtmlCacheBehavior [ RunTime:0.000670s ]
INFO: [ app_begin ] --END-- [ RunTime:0.000771s ]

[ 2016-06-01T16:50:56+08:00 ] 127.0.0.1 /
WARN: 测试日志信息，这是警告级别，并且实时写入,微信公众号用户信息: {"errcode":40003,"errmsg":"invalid openid hint: [0DIPZa0059vr19]"}
[ 2016-06-01T16:50:56+08:00 ] 127.0.0.1 /
INFO: [ app_init ] --START--
INFO: Run Behavior\BuildLiteBehavior [ RunTime:0.000016s ]
INFO: [ app_init ] --END-- [ RunTime:0.000372s ]
INFO: [ app_begin ] --START--
INFO: Run Behavior\ReadHtmlCacheBehavior [ RunTime:0.000910s ]
INFO: [ app_begin ] --END-- [ RunTime:0.001047s ]

[ 2016-06-01T16:51:21+08:00 ] 127.0.0.1 /
WARN: 测试日志信息，这是警告级别，并且实时写入,微信公众号用户信息: {"errcode":40003,"errmsg":"invalid openid hint: [BmWpqa0083vr21]"}
[ 2016-06-01T16:51:21+08:00 ] 127.0.0.1 /
INFO: [ app_init ] --START--
INFO: Run Behavior\BuildLiteBehavior [ RunTime:0.000038s ]
INFO: [ app_init ] --END-- [ RunTime:0.000947s ]
INFO: [ app_begin ] --START--
INFO: Run Behavior\ReadHtmlCacheBehavior [ RunTime:0.001097s ]
INFO: [ app_begin ] --END-- [ RunTime:0.001238s ]

[ 2016-06-01T16:51:22+08:00 ] 127.0.0.1 /
WARN: 测试日志信息，这是警告级别，并且实时写入,微信公众号用户信息: {"errcode":40003,"errmsg":"invalid openid hint: [ZMtMqA0085vr21]"}
[ 2016-06-01T16:51:22+08:00 ] 127.0.0.1 /
INFO: [ app_init ] --START--
INFO: Run Behavior\BuildLiteBehavior [ RunTime:0.000017s ]
INFO: [ app_init ] --END-- [ RunTime:0.000498s ]
INFO: [ app_begin ] --START--
INFO: Run Behavior\ReadHtmlCacheBehavior [ RunTime:0.000640s ]
INFO: [ app_begin ] --END-- [ RunTime:0.000742s ]

[ 2016-06-01T16:52:47+08:00 ] 127.0.0.1 /
WARN: 测试日志信息，这是警告级别，并且实时写入,微信公众号用户信息: {"errcode":40003,"errmsg":"invalid openid hint: [jF6rda0169vr22]"}
[ 2016-06-01T16:52:47+08:00 ] 127.0.0.1 /
INFO: [ app_init ] --START--
INFO: Run Behavior\BuildLiteBehavior [ RunTime:0.000019s ]
INFO: [ app_init ] --END-- [ RunTime:0.000339s ]
INFO: [ app_begin ] --START--
INFO: Run Behavior\ReadHtmlCacheBehavior [ RunTime:0.000546s ]
INFO: [ app_begin ] --END-- [ RunTime:0.000609s ]

[ 2016-06-01T16:54:42+08:00 ] 127.0.0.1 /
WARN: 测试日志信息，这是警告级别，并且实时写入,微信公众号用户信息: {"errcode":40003,"errmsg":"invalid openid hint: [RXcP0285vr18]"}
[ 2016-06-01T16:54:42+08:00 ] 127.0.0.1 /
INFO: [ app_init ] --START--
INFO: Run Behavior\BuildLiteBehavior [ RunTime:0.000016s ]
INFO: [ app_init ] --END-- [ RunTime:0.000548s ]
INFO: [ app_begin ] --START--
INFO: Run Behavior\ReadHtmlCacheBehavior [ RunTime:0.000844s ]
INFO: [ app_begin ] --END-- [ RunTime:0.000956s ]
NOTIC: [8] Undefined index: openid D:\wamp\www\code-php\tmm_api\Apps\Home\Controller\IndexController.class.php 第 8 行.

[ 2016-06-01T16:55:00+08:00 ] 127.0.0.1 /
INFO: [ app_init ] --START--
INFO: Run Behavior\BuildLiteBehavior [ RunTime:0.000016s ]
INFO: [ app_init ] --END-- [ RunTime:0.000318s ]
INFO: [ app_begin ] --START--
INFO: Run Behavior\ReadHtmlCacheBehavior [ RunTime:0.000485s ]
INFO: [ app_begin ] --END-- [ RunTime:0.000547s ]
NOTIC: [8] Undefined index: openid D:\wamp\www\code-php\tmm_api\Apps\Home\Controller\IndexController.class.php 第 8 行.

[ 2016-06-01T16:55:01+08:00 ] 127.0.0.1 /
INFO: [ app_init ] --START--
INFO: Run Behavior\BuildLiteBehavior [ RunTime:0.000016s ]
INFO: [ app_init ] --END-- [ RunTime:0.000358s ]
INFO: [ app_begin ] --START--
INFO: Run Behavior\ReadHtmlCacheBehavior [ RunTime:0.000523s ]
INFO: [ app_begin ] --END-- [ RunTime:0.000655s ]
NOTIC: [8] Undefined index: openid D:\wamp\www\code-php\tmm_api\Apps\Home\Controller\IndexController.class.php 第 8 行.

[ 2016-06-01T16:58:38+08:00 ] 127.0.0.1 /
INFO: [ app_init ] --START--
INFO: Run Behavior\BuildLiteBehavior [ RunTime:0.000016s ]
INFO: [ app_init ] --END-- [ RunTime:0.000312s ]
INFO: [ app_begin ] --START--
INFO: Run Behavior\ReadHtmlCacheBehavior [ RunTime:0.000475s ]
INFO: [ app_begin ] --END-- [ RunTime:0.000536s ]

[ 2016-06-01T17:09:10+08:00 ] 127.0.0.1 /
INFO: [ app_init ] --START--
INFO: Run Behavior\BuildLiteBehavior [ RunTime:0.000016s ]
INFO: [ app_init ] --END-- [ RunTime:0.000312s ]
INFO: [ app_begin ] --START--
INFO: Run Behavior\ReadHtmlCacheBehavior [ RunTime:0.000651s ]
INFO: [ app_begin ] --END-- [ RunTime:0.000741s ]
NOTIC: [8] Undefined index: cookie_file D:\wamp\www\code-php\tmm_api\Apps\Common\Common\function.php 第 60 行.
INFO: [ app_end ] --START--
INFO: Run Behavior\ShowPageTraceBehavior [ RunTime:0.015520s ]
INFO: [ app_end ] --END-- [ RunTime:0.015768s ]

[ 2016-06-01T17:10:13+08:00 ] 127.0.0.1 /
INFO: [ app_init ] --START--
INFO: Run Behavior\BuildLiteBehavior [ RunTime:0.000036s ]
INFO: [ app_init ] --END-- [ RunTime:0.000568s ]
INFO: [ app_begin ] --START--
INFO: Run Behavior\ReadHtmlCacheBehavior [ RunTime:0.000561s ]
INFO: [ app_begin ] --END-- [ RunTime:0.000667s ]
NOTIC: [8] Undefined index: cookie_file D:\wamp\www\code-php\tmm_api\Apps\Common\Common\function.php 第 60 行.
INFO: [ app_end ] --START--
INFO: Run Behavior\ShowPageTraceBehavior [ RunTime:0.000575s ]
INFO: [ app_end ] --END-- [ RunTime:0.000665s ]

[ 2016-06-01T17:10:14+08:00 ] 127.0.0.1 /
INFO: [ app_init ] --START--
INFO: Run Behavior\BuildLiteBehavior [ RunTime:0.000019s ]
INFO: [ app_init ] --END-- [ RunTime:0.000316s ]
INFO: [ app_begin ] --START--
INFO: Run Behavior\ReadHtmlCacheBehavior [ RunTime:0.000335s ]
INFO: [ app_begin ] --END-- [ RunTime:0.000390s ]
NOTIC: [8] Undefined index: cookie_file D:\wamp\www\code-php\tmm_api\Apps\Common\Common\function.php 第 60 行.
INFO: [ app_end ] --START--
INFO: Run Behavior\ShowPageTraceBehavior [ RunTime:0.000493s ]
INFO: [ app_end ] --END-- [ RunTime:0.000591s ]

[ 2016-06-01T17:12:37+08:00 ] 127.0.0.1 /
INFO: [ app_init ] --START--
INFO: Run Behavior\BuildLiteBehavior [ RunTime:0.000019s ]
INFO: [ app_init ] --END-- [ RunTime:0.000382s ]
INFO: [ app_begin ] --START--
INFO: Run Behavior\ReadHtmlCacheBehavior [ RunTime:0.000656s ]
INFO: [ app_begin ] --END-- [ RunTime:0.000725s ]
NOTIC: [8] Undefined index: cookie_file D:\wamp\www\code-php\tmm_api\Apps\Common\Common\function.php 第 60 行.
INFO: [ app_end ] --START--
INFO: Run Behavior\ShowPageTraceBehavior [ RunTime:0.001055s ]
INFO: [ app_end ] --END-- [ RunTime:0.001188s ]

[ 2016-06-01T17:12:47+08:00 ] 127.0.0.1 /
INFO: [ app_init ] --START--
INFO: Run Behavior\BuildLiteBehavior [ RunTime:0.000033s ]
INFO: [ app_init ] --END-- [ RunTime:0.000794s ]
INFO: [ app_begin ] --START--
INFO: Run Behavior\ReadHtmlCacheBehavior [ RunTime:0.001045s ]
INFO: [ app_begin ] --END-- [ RunTime:0.001164s ]
NOTIC: [8] Undefined index: cookie_file D:\wamp\www\code-php\tmm_api\Apps\Common\Common\function.php 第 60 行.
INFO: [ app_end ] --START--
INFO: Run Behavior\ShowPageTraceBehavior [ RunTime:0.000771s ]
INFO: [ app_end ] --END-- [ RunTime:0.000861s ]

[ 2016-06-01T17:12:49+08:00 ] 127.0.0.1 /
INFO: [ app_init ] --START--
INFO: Run Behavior\BuildLiteBehavior [ RunTime:0.000040s ]
INFO: [ app_init ] --END-- [ RunTime:0.000602s ]
INFO: [ app_begin ] --START--
INFO: Run Behavior\ReadHtmlCacheBehavior [ RunTime:0.001622s ]
INFO: [ app_begin ] --END-- [ RunTime:0.001951s ]
NOTIC: [8] Undefined index: cookie_file D:\wamp\www\code-php\tmm_api\Apps\Common\Common\function.php 第 60 行.
INFO: [ app_end ] --START--
INFO: Run Behavior\ShowPageTraceBehavior [ RunTime:0.001887s ]
INFO: [ app_end ] --END-- [ RunTime:0.002281s ]

[ 2016-06-01T17:14:09+08:00 ] 127.0.0.1 /
INFO: [ app_init ] --START--
INFO: Run Behavior\BuildLiteBehavior [ RunTime:0.000024s ]
INFO: [ app_init ] --END-- [ RunTime:0.000516s ]
INFO: [ app_begin ] --START--
INFO: Run Behavior\ReadHtmlCacheBehavior [ RunTime:0.000619s ]
INFO: [ app_begin ] --END-- [ RunTime:0.000681s ]
NOTIC: [8] Undefined index: cookie_file D:\wamp\www\code-php\tmm_api\Apps\Common\Common\function.php 第 60 行.
INFO: [ app_end ] --START--
INFO: Run Behavior\ShowPageTraceBehavior [ RunTime:0.000747s ]
INFO: [ app_end ] --END-- [ RunTime:0.000836s ]

[ 2016-06-01T17:14:38+08:00 ] 127.0.0.1 /
INFO: [ app_init ] --START--
INFO: Run Behavior\BuildLiteBehavior [ RunTime:0.000018s ]
INFO: [ app_init ] --END-- [ RunTime:0.000449s ]
INFO: [ app_begin ] --START--
INFO: Run Behavior\ReadHtmlCacheBehavior [ RunTime:0.000660s ]
INFO: [ app_begin ] --END-- [ RunTime:0.000735s ]
NOTIC: [8] Undefined index: cookie_file D:\wamp\www\code-php\tmm_api\Apps\Common\Common\function.php 第 60 行.
INFO: [ app_end ] --START--
INFO: Run Behavior\ShowPageTraceBehavior [ RunTime:0.000767s ]
INFO: [ app_end ] --END-- [ RunTime:0.000872s ]

[ 2016-06-01T17:15:27+08:00 ] 127.0.0.1 /
INFO: [ app_init ] --START--
INFO: Run Behavior\BuildLiteBehavior [ RunTime:0.000018s ]
INFO: [ app_init ] --END-- [ RunTime:0.000380s ]
INFO: [ app_begin ] --START--
INFO: Run Behavior\ReadHtmlCacheBehavior [ RunTime:0.000610s ]
INFO: [ app_begin ] --END-- [ RunTime:0.000674s ]
NOTIC: [8] Undefined index: cookie_file D:\wamp\www\code-php\tmm_api\Apps\Common\Common\function.php 第 60 行.
INFO: [ app_end ] --START--
INFO: Run Behavior\ShowPageTraceBehavior [ RunTime:0.000784s ]
INFO: [ app_end ] --END-- [ RunTime:0.000877s ]

[ 2016-06-01T17:19:40+08:00 ] 127.0.0.1 /
INFO: [ app_init ] --START--
INFO: Run Behavior\BuildLiteBehavior [ RunTime:0.000028s ]
INFO: [ app_init ] --END-- [ RunTime:0.000613s ]
INFO: [ app_begin ] --START--
INFO: Run Behavior\ReadHtmlCacheBehavior [ RunTime:0.001077s ]
INFO: [ app_begin ] --END-- [ RunTime:0.001190s ]
NOTIC: [8] Undefined index: cookie_file D:\wamp\www\code-php\tmm_api\Apps\Common\Common\function.php 第 60 行.
INFO: [ app_end ] --START--
INFO: Run Behavior\ShowPageTraceBehavior [ RunTime:0.002698s ]
INFO: [ app_end ] --END-- [ RunTime:0.003004s ]

[ 2016-06-01T17:19:54+08:00 ] 127.0.0.1 /
INFO: [ app_init ] --START--
INFO: Run Behavior\BuildLiteBehavior [ RunTime:0.000059s ]
INFO: [ app_init ] --END-- [ RunTime:0.000754s ]
INFO: [ app_begin ] --START--
INFO: Run Behavior\ReadHtmlCacheBehavior [ RunTime:0.001102s ]
INFO: [ app_begin ] --END-- [ RunTime:0.001228s ]
NOTIC: [8] Undefined index: cookie_file D:\wamp\www\code-php\tmm_api\Apps\Common\Common\function.php 第 60 行.
INFO: [ app_end ] --START--
INFO: Run Behavior\ShowPageTraceBehavior [ RunTime:0.001580s ]
INFO: [ app_end ] --END-- [ RunTime:0.001769s ]

[ 2016-06-01T17:20:07+08:00 ] 127.0.0.1 /
INFO: [ app_init ] --START--
INFO: Run Behavior\BuildLiteBehavior [ RunTime:0.000031s ]
INFO: [ app_init ] --END-- [ RunTime:0.000593s ]
INFO: [ app_begin ] --START--
INFO: Run Behavior\ReadHtmlCacheBehavior [ RunTime:0.001089s ]
INFO: [ app_begin ] --END-- [ RunTime:0.001193s ]
NOTIC: [8] Undefined index: cookie_file D:\wamp\www\code-php\tmm_api\Apps\Common\Common\function.php 第 60 行.
INFO: [ app_end ] --START--
INFO: Run Behavior\ShowPageTraceBehavior [ RunTime:0.001210s ]
INFO: [ app_end ] --END-- [ RunTime:0.001371s ]

[ 2016-06-01T17:20:45+08:00 ] 127.0.0.1 /
INFO: [ app_init ] --START--
INFO: Run Behavior\BuildLiteBehavior [ RunTime:0.000034s ]
INFO: [ app_init ] --END-- [ RunTime:0.000758s ]
INFO: [ app_begin ] --START--
INFO: Run Behavior\ReadHtmlCacheBehavior [ RunTime:0.001252s ]
INFO: [ app_begin ] --END-- [ RunTime:0.001395s ]
NOTIC: [8] Undefined index: cookie_file D:\wamp\www\code-php\tmm_api\Apps\Common\Common\function.php 第 60 行.
INFO: [ app_end ] --START--
INFO: Run Behavior\ShowPageTraceBehavior [ RunTime:0.002723s ]
INFO: [ app_end ] --END-- [ RunTime:0.003023s ]

[ 2016-06-01T17:20:46+08:00 ] 127.0.0.1 /
INFO: [ app_init ] --START--
INFO: Run Behavior\BuildLiteBehavior [ RunTime:0.000018s ]
INFO: [ app_init ] --END-- [ RunTime:0.000468s ]
INFO: [ app_begin ] --START--
INFO: Run Behavior\ReadHtmlCacheBehavior [ RunTime:0.000783s ]
INFO: [ app_begin ] --END-- [ RunTime:0.000850s ]
NOTIC: [8] Undefined index: cookie_file D:\wamp\www\code-php\tmm_api\Apps\Common\Common\function.php 第 60 行.
INFO: [ app_end ] --START--
INFO: Run Behavior\ShowPageTraceBehavior [ RunTime:0.000721s ]
INFO: [ app_end ] --END-- [ RunTime:0.000816s ]

[ 2016-06-01T17:21:13+08:00 ] 127.0.0.1 /
INFO: [ app_init ] --START--
INFO: Run Behavior\BuildLiteBehavior [ RunTime:0.000038s ]
INFO: [ app_init ] --END-- [ RunTime:0.000828s ]
INFO: [ app_begin ] --START--
INFO: Run Behavior\ReadHtmlCacheBehavior [ RunTime:0.001387s ]
INFO: [ app_begin ] --END-- [ RunTime:0.001547s ]
NOTIC: [8] Undefined index: cookie_file D:\wamp\www\code-php\tmm_api\Apps\Common\Common\function.php 第 60 行.
INFO: [ app_end ] --START--
INFO: Run Behavior\ShowPageTraceBehavior [ RunTime:0.001889s ]
INFO: [ app_end ] --END-- [ RunTime:0.002101s ]

[ 2016-06-01T17:21:57+08:00 ] 127.0.0.1 /
INFO: [ app_init ] --START--
INFO: Run Behavior\BuildLiteBehavior [ RunTime:0.000022s ]
INFO: [ app_init ] --END-- [ RunTime:0.000479s ]
INFO: [ app_begin ] --START--
INFO: Run Behavior\ReadHtmlCacheBehavior [ RunTime:0.000822s ]
INFO: [ app_begin ] --END-- [ RunTime:0.000910s ]
NOTIC: [8] Undefined index: cookie_file D:\wamp\www\code-php\tmm_api\Apps\Common\Common\function.php 第 60 行.
INFO: [ app_end ] --START--
INFO: Run Behavior\ShowPageTraceBehavior [ RunTime:0.000802s ]
INFO: [ app_end ] --END-- [ RunTime:0.000914s ]

[ 2016-06-01T17:21:59+08:00 ] 127.0.0.1 /
INFO: [ app_init ] --START--
INFO: Run Behavior\BuildLiteBehavior [ RunTime:0.000029s ]
INFO: [ app_init ] --END-- [ RunTime:0.000385s ]
INFO: [ app_begin ] --START--
INFO: Run Behavior\ReadHtmlCacheBehavior [ RunTime:0.000546s ]
INFO: [ app_begin ] --END-- [ RunTime:0.000607s ]
NOTIC: [8] Undefined index: cookie_file D:\wamp\www\code-php\tmm_api\Apps\Common\Common\function.php 第 60 行.
INFO: [ app_end ] --START--
INFO: Run Behavior\ShowPageTraceBehavior [ RunTime:0.000740s ]
INFO: [ app_end ] --END-- [ RunTime:0.000832s ]

[ 2016-06-01T17:22:01+08:00 ] 127.0.0.1 /
INFO: [ app_init ] --START--
INFO: Run Behavior\BuildLiteBehavior [ RunTime:0.000043s ]
INFO: [ app_init ] --END-- [ RunTime:0.000546s ]
INFO: [ app_begin ] --START--
INFO: Run Behavior\ReadHtmlCacheBehavior [ RunTime:0.001018s ]
INFO: [ app_begin ] --END-- [ RunTime:0.001107s ]
NOTIC: [8] Undefined index: cookie_file D:\wamp\www\code-php\tmm_api\Apps\Common\Common\function.php 第 60 行.
INFO: [ app_end ] --START--
INFO: Run Behavior\ShowPageTraceBehavior [ RunTime:0.000965s ]
INFO: [ app_end ] --END-- [ RunTime:0.001051s ]

